<?xml version="1.0" encoding="UTF-8"?>
<!-- Generated by org.testng.reporters.JUnitReportReporter -->
<testsuite hostname="Shubham" failures="0" tests="6" name="testScript.TestScript" time="28.803" errors="0" timestamp="2026-03-06T11:49:56 IST" skipped="0">
  <testcase classname="testScript.TestScript" name="runScenario" time="6.119"/>
  <testcase classname="testScript.TestScript" name="runScenario" time="4.017"/>
  <testcase classname="testScript.TestScript" name="runScenario" time="3.863"/>
  <testcase classname="testScript.TestScript" name="runScenario" time="6.108"/>
  <testcase classname="testScript.TestScript" name="runScenario" time="4.227"/>
  <testcase classname="testScript.TestScript" name="runScenario" time="4.469"/>
</testsuite> <!-- testScript.TestScript -->
